[2026-04-07T14:51:16.870281+00:00] gap bot started
[2026-04-07T14:51:38.277079+00:00] tracking event slug: btc-updown-5m-1775573400
[2026-04-07T14:51:38.636846+00:00] slug=btc-updown-5m-1775573400 ttl=201s mid=68052.04 open=68052.04 fair_yes=0.5000 side=no net_edge=-0.0250 alert=False
[2026-04-07T14:51:44.005411+00:00] slug=btc-updown-5m-1775573400 ttl=196s mid=68041.58 open=68052.04 fair_yes=0.4495 side=no net_edge=0.0255 alert=False
[2026-04-07T14:51:49.328530+00:00] slug=btc-updown-5m-1775573400 ttl=191s mid=68034.76 open=68052.04 fair_yes=0.4159 side=no net_edge=0.0591 alert=True
ALERT NO | Bitcoin Up or Down - April 7, 10:50AM-10:55AM ET
Binance mid: 68034.76 | strike: n/a
Time left: 191s | spread: 0.0100
YES bid/ask: 0.5000/0.5100 | NO bid/ask: 0.4900/0.5000
Fair YES: 0.4159 | net edge: 0.0591 | confidence: high
[2026-04-07T14:51:54.657604+00:00] slug=btc-updown-5m-1775573400 ttl=185s mid=68027.96 open=68052.04 fair_yes=0.3820 side=no net_edge=0.0930 alert=True
ALERT NO | Bitcoin Up or Down - April 7, 10:50AM-10:55AM ET
Binance mid: 68027.96 | strike: n/a
Time left: 185s | spread: 0.0100
YES bid/ask: 0.5000/0.5100 | NO bid/ask: 0.4900/0.5000
Fair YES: 0.3820 | net edge: 0.0930 | confidence: high
[2026-04-07T14:52:00.032291+00:00] slug=btc-updown-5m-1775573400 ttl=180s mid=68027.96 open=68052.04 fair_yes=0.3803 side=no net_edge=0.0947 alert=True
ALERT NO | Bitcoin Up or Down - April 7, 10:50AM-10:55AM ET
Binance mid: 68027.96 | strike: n/a
Time left: 180s | spread: 0.0100
YES bid/ask: 0.5000/0.5100 | NO bid/ask: 0.4900/0.5000
Fair YES: 0.3803 | net edge: 0.0947 | confidence: high
[2026-04-07T14:52:05.484536+00:00] slug=btc-updown-5m-1775573400 ttl=175s mid=68040.48 open=68052.04 fair_yes=0.4409 side=no net_edge=0.0341 alert=True
ALERT NO | Bitcoin Up or Down - April 7, 10:50AM-10:55AM ET
Binance mid: 68040.48 | strike: n/a
Time left: 175s | spread: 0.0100
YES bid/ask: 0.5000/0.5100 | NO bid/ask: 0.4900/0.5000
Fair YES: 0.4409 | net edge: 0.0341 | confidence: medium
[2026-04-07T14:52:10.799246+00:00] slug=btc-updown-5m-1775573400 ttl=169s mid=68032.01 open=68052.04 fair_yes=0.3969 side=no net_edge=0.0781 alert=True
ALERT NO | Bitcoin Up or Down - April 7, 10:50AM-10:55AM ET
Binance mid: 68032.01 | strike: n/a
Time left: 169s | spread: 0.0100
YES bid/ask: 0.5000/0.5100 | NO bid/ask: 0.4900/0.5000
Fair YES: 0.3969 | net edge: 0.0781 | confidence: high
[2026-04-07T14:52:16.105402+00:00] slug=btc-updown-5m-1775573400 ttl=164s mid=68031.10 open=68052.04 fair_yes=0.3906 side=no net_edge=0.0844 alert=True
ALERT NO | Bitcoin Up or Down - April 7, 10:50AM-10:55AM ET
Binance mid: 68031.10 | strike: n/a
Time left: 164s | spread: 0.0100
YES bid/ask: 0.5000/0.5100 | NO bid/ask: 0.4900/0.5000
Fair YES: 0.3906 | net edge: 0.0844 | confidence: high
[2026-04-07T14:52:21.422048+00:00] slug=btc-updown-5m-1775573400 ttl=159s mid=68027.96 open=68052.04 fair_yes=0.3728 side=no net_edge=0.1022 alert=True
ALERT NO | Bitcoin Up or Down - April 7, 10:50AM-10:55AM ET
Binance mid: 68027.96 | strike: n/a
Time left: 159s | spread: 0.0100
YES bid/ask: 0.5000/0.5100 | NO bid/ask: 0.4900/0.5000
Fair YES: 0.3728 | net edge: 0.1022 | confidence: high
[2026-04-07T14:52:26.734606+00:00] slug=btc-updown-5m-1775573400 ttl=153s mid=68019.08 open=68052.04 fair_yes=0.0000 side=no net_edge=0.4750 alert=True
ALERT NO | Bitcoin Up or Down - April 7, 10:50AM-10:55AM ET
Binance mid: 68019.08 | strike: n/a
Time left: 153s | spread: 0.0100
YES bid/ask: 0.5000/0.5100 | NO bid/ask: 0.4900/0.5000
Fair YES: 0.0000 | net edge: 0.4750 | confidence: high
[2026-04-07T14:52:32.066751+00:00] slug=btc-updown-5m-1775573400 ttl=148s mid=68019.08 open=68052.04 fair_yes=0.0000 side=no net_edge=0.4750 alert=True
ALERT NO | Bitcoin Up or Down - April 7, 10:50AM-10:55AM ET
Binance mid: 68019.08 | strike: n/a
Time left: 148s | spread: 0.0100
YES bid/ask: 0.5000/0.5100 | NO bid/ask: 0.4900/0.5000
Fair YES: 0.0000 | net edge: 0.4750 | confidence: high
[2026-04-07T14:52:37.471353+00:00] slug=btc-updown-5m-1775573400 ttl=143s mid=68031.10 open=68052.04 fair_yes=0.0003 side=no net_edge=0.4747 alert=True
ALERT NO | Bitcoin Up or Down - April 7, 10:50AM-10:55AM ET
Binance mid: 68031.10 | strike: n/a
Time left: 143s | spread: 0.0100
YES bid/ask: 0.5000/0.5100 | NO bid/ask: 0.4900/0.5000
Fair YES: 0.0003 | net edge: 0.4747 | confidence: high
[2026-04-07T14:52:42.793743+00:00] slug=btc-updown-5m-1775573400 ttl=137s mid=68016.96 open=68052.04 fair_yes=0.0000 side=no net_edge=0.4750 alert=True
ALERT NO | Bitcoin Up or Down - April 7, 10:50AM-10:55AM ET
Binance mid: 68016.96 | strike: n/a
Time left: 137s | spread: 0.0100
YES bid/ask: 0.5000/0.5100 | NO bid/ask: 0.4900/0.5000
Fair YES: 0.0000 | net edge: 0.4750 | confidence: high
[2026-04-07T14:52:48.115527+00:00] slug=btc-updown-5m-1775573400 ttl=132s mid=68018.39 open=68052.04 fair_yes=0.0000 side=no net_edge=0.4750 alert=True
ALERT NO | Bitcoin Up or Down - April 7, 10:50AM-10:55AM ET
Binance mid: 68018.39 | strike: n/a
Time left: 132s | spread: 0.0100
YES bid/ask: 0.5000/0.5100 | NO bid/ask: 0.4900/0.5000
Fair YES: 0.0000 | net edge: 0.4750 | confidence: high
[2026-04-07T14:52:53.434562+00:00] slug=btc-updown-5m-1775573400 ttl=127s mid=68022.62 open=68052.04 fair_yes=0.0000 side=no net_edge=0.4750 alert=True
ALERT NO | Bitcoin Up or Down - April 7, 10:50AM-10:55AM ET
Binance mid: 68022.62 | strike: n/a
Time left: 127s | spread: 0.0100
YES bid/ask: 0.5000/0.5100 | NO bid/ask: 0.4900/0.5000
Fair YES: 0.0000 | net edge: 0.4750 | confidence: high
[2026-04-07T14:52:58.748308+00:00] slug=btc-updown-5m-1775573400 ttl=121s mid=68022.68 open=68052.04 fair_yes=0.0000 side=no net_edge=0.4750 alert=True
ALERT NO | Bitcoin Up or Down - April 7, 10:50AM-10:55AM ET
Binance mid: 68022.68 | strike: n/a
Time left: 121s | spread: 0.0100
YES bid/ask: 0.5000/0.5100 | NO bid/ask: 0.4900/0.5000
Fair YES: 0.0000 | net edge: 0.4750 | confidence: high
[2026-04-07T14:53:04.071681+00:00] slug=btc-updown-5m-1775573400 ttl=116s mid=68022.68 open=68052.04 fair_yes=0.0000 side=no net_edge=0.4750 alert=True
ALERT NO | Bitcoin Up or Down - April 7, 10:50AM-10:55AM ET
Binance mid: 68022.68 | strike: n/a
Time left: 116s | spread: 0.0100
YES bid/ask: 0.5000/0.5100 | NO bid/ask: 0.4900/0.5000
Fair YES: 0.0000 | net edge: 0.4750 | confidence: high
[2026-04-07T14:53:09.385309+00:00] slug=btc-updown-5m-1775573400 ttl=111s mid=68031.10 open=68052.04 fair_yes=0.0001 side=no net_edge=0.4749 alert=True
ALERT NO | Bitcoin Up or Down - April 7, 10:50AM-10:55AM ET
Binance mid: 68031.10 | strike: n/a
Time left: 111s | spread: 0.0100
YES bid/ask: 0.5000/0.5100 | NO bid/ask: 0.4900/0.5000
Fair YES: 0.0001 | net edge: 0.4749 | confidence: high
[2026-04-07T14:53:14.707592+00:00] slug=btc-updown-5m-1775573400 ttl=105s mid=68018.43 open=68052.04 fair_yes=0.0000 side=no net_edge=0.4750 alert=True
ALERT NO | Bitcoin Up or Down - April 7, 10:50AM-10:55AM ET
Binance mid: 68018.43 | strike: n/a
Time left: 105s | spread: 0.0100
YES bid/ask: 0.5000/0.5100 | NO bid/ask: 0.4900/0.5000
Fair YES: 0.0000 | net edge: 0.4750 | confidence: high
[2026-04-07T14:53:20.030789+00:00] slug=btc-updown-5m-1775573400 ttl=100s mid=68031.10 open=68052.04 fair_yes=0.0000 side=no net_edge=0.4750 alert=True
ALERT NO | Bitcoin Up or Down - April 7, 10:50AM-10:55AM ET
Binance mid: 68031.10 | strike: n/a
Time left: 100s | spread: 0.0100
YES bid/ask: 0.5000/0.5100 | NO bid/ask: 0.4900/0.5000
Fair YES: 0.0000 | net edge: 0.4750 | confidence: high
[2026-04-07T14:53:25.360482+00:00] slug=btc-updown-5m-1775573400 ttl=95s mid=68034.76 open=68052.04 fair_yes=0.0002 side=no net_edge=0.4748 alert=True
ALERT NO | Bitcoin Up or Down - April 7, 10:50AM-10:55AM ET
Binance mid: 68034.76 | strike: n/a
Time left: 95s | spread: 0.0100
YES bid/ask: 0.5000/0.5100 | NO bid/ask: 0.4900/0.5000
Fair YES: 0.0002 | net edge: 0.4748 | confidence: high
[2026-04-07T14:53:30.704885+00:00] slug=btc-updown-5m-1775573400 ttl=89s mid=68034.76 open=68052.04 fair_yes=0.0001 side=no net_edge=0.4749 alert=True
ALERT NO | Bitcoin Up or Down - April 7, 10:50AM-10:55AM ET
Binance mid: 68034.76 | strike: n/a
Time left: 89s | spread: 0.0100
YES bid/ask: 0.5000/0.5100 | NO bid/ask: 0.4900/0.5000
Fair YES: 0.0001 | net edge: 0.4749 | confidence: high
[2026-04-07T14:53:36.016529+00:00] slug=btc-updown-5m-1775573400 ttl=84s mid=68035.67 open=68052.04 fair_yes=0.0001 side=no net_edge=0.4749 alert=True
ALERT NO | Bitcoin Up or Down - April 7, 10:50AM-10:55AM ET
Binance mid: 68035.67 | strike: n/a
Time left: 84s | spread: 0.0100
YES bid/ask: 0.5000/0.5100 | NO bid/ask: 0.4900/0.5000
Fair YES: 0.0001 | net edge: 0.4749 | confidence: high
[2026-04-07T14:53:41.333461+00:00] slug=btc-updown-5m-1775573400 ttl=79s mid=68044.21 open=68052.04 fair_yes=0.0425 side=no net_edge=0.4325 alert=True
ALERT NO | Bitcoin Up or Down - April 7, 10:50AM-10:55AM ET
Binance mid: 68044.21 | strike: n/a
Time left: 79s | spread: 0.0100
YES bid/ask: 0.5000/0.5100 | NO bid/ask: 0.4900/0.5000
Fair YES: 0.0425 | net edge: 0.4325 | confidence: high
[2026-04-07T14:53:46.655045+00:00] slug=btc-updown-5m-1775573400 ttl=73s mid=68032.58 open=68052.04 fair_yes=0.0000 side=no net_edge=0.4750 alert=True
ALERT NO | Bitcoin Up or Down - April 7, 10:50AM-10:55AM ET
Binance mid: 68032.58 | strike: n/a
Time left: 73s | spread: 0.0100
YES bid/ask: 0.5000/0.5100 | NO bid/ask: 0.4900/0.5000
Fair YES: 0.0000 | net edge: 0.4750 | confidence: high
