[2026-04-06T17:51:48.437142+00:00] gap bot started
[2026-04-06T17:52:03.994185+00:00] tracking event slug: btc-updown-5m-1775497800
[2026-04-06T17:52:04.340820+00:00] market=btc-updown-5m-1775497800 mid=69597.98 open=69597.975 fair_yes=0.5 best_side=no net_edge=-0.025 alert=False
[2026-04-06T17:52:09.666933+00:00] market=btc-updown-5m-1775497800 mid=69597.98 open=69597.975 fair_yes=0.5 best_side=no net_edge=-0.025 alert=False
[2026-04-06T17:52:14.979092+00:00] market=btc-updown-5m-1775497800 mid=69597.98 open=69597.975 fair_yes=0.5 best_side=no net_edge=-0.025 alert=False
[2026-04-06T17:52:20.283049+00:00] market=btc-updown-5m-1775497800 mid=69597.98 open=69597.975 fair_yes=0.5 best_side=no net_edge=-0.025 alert=False
[2026-04-06T17:52:25.628800+00:00] market=btc-updown-5m-1775497800 mid=69597.98 open=69597.975 fair_yes=0.5 best_side=no net_edge=-0.025 alert=False
[2026-04-06T17:52:30.938240+00:00] market=btc-updown-5m-1775497800 mid=69597.98 open=69597.975 fair_yes=0.5 best_side=no net_edge=-0.025 alert=False
[2026-04-06T17:52:36.245283+00:00] market=btc-updown-5m-1775497800 mid=69597.98 open=69597.975 fair_yes=0.5 best_side=no net_edge=-0.025 alert=False
[2026-04-06T17:52:41.565951+00:00] market=btc-updown-5m-1775497800 mid=69592.14 open=69597.975 fair_yes=0.4672389665606369 best_side=no net_edge=0.007761033439363095 alert=False
[2026-04-06T17:52:46.873355+00:00] market=btc-updown-5m-1775497800 mid=69596.49 open=69597.975 fair_yes=0.49145312412867315 best_side=no net_edge=-0.016453124128673148 alert=False
[2026-04-06T17:52:52.183233+00:00] market=btc-updown-5m-1775497800 mid=69590.01 open=69597.975 fair_yes=4.956568819380891e-06 best_side=no net_edge=0.4749950434311806 alert=True
ALERT NO | Bitcoin Up or Down - April 6, 1:50PM-1:55PM ET
Binance mid: 69590.01 | strike: n/a
Time left: 128s | spread: 0.0100
YES bid/ask: 0.5000/0.5100 | NO bid/ask: 0.4900/0.5000
Fair YES: 0.0000 | net edge: 0.4750 | confidence: high
[2026-04-06T17:52:57.485818+00:00] market=btc-updown-5m-1775497800 mid=69596.36 open=69597.975 fair_yes=0.16948061707974504 best_side=no net_edge=0.30551938292025493 alert=True
ALERT NO | Bitcoin Up or Down - April 6, 1:50PM-1:55PM ET
Binance mid: 69596.36 | strike: n/a
Time left: 123s | spread: 0.0100
YES bid/ask: 0.5000/0.5100 | NO bid/ask: 0.4900/0.5000
Fair YES: 0.1695 | net edge: 0.3055 | confidence: high
[2026-04-06T17:53:02.789704+00:00] market=btc-updown-5m-1775497800 mid=69596.36 open=69597.975 fair_yes=0.15361474038517997 best_side=no net_edge=0.32138525961482 alert=True
ALERT NO | Bitcoin Up or Down - April 6, 1:50PM-1:55PM ET
Binance mid: 69596.36 | strike: n/a
Time left: 117s | spread: 0.0100
YES bid/ask: 0.5000/0.5100 | NO bid/ask: 0.4900/0.5000
Fair YES: 0.1536 | net edge: 0.3214 | confidence: high
[2026-04-06T17:53:08.119409+00:00] market=btc-updown-5m-1775497800 mid=69592.55 open=69597.975 fair_yes=0.00037768248982383845 best_side=no net_edge=0.47462231751017614 alert=True
ALERT NO | Bitcoin Up or Down - April 6, 1:50PM-1:55PM ET
Binance mid: 69592.55 | strike: n/a
Time left: 112s | spread: 0.0100
YES bid/ask: 0.5000/0.5100 | NO bid/ask: 0.4900/0.5000
Fair YES: 0.0004 | net edge: 0.4746 | confidence: high
[2026-04-06T17:53:13.434226+00:00] market=btc-updown-5m-1775497800 mid=69589.82 open=69597.975 fair_yes=2.8114519612376654e-06 best_side=no net_edge=0.47499718854803874 alert=True
ALERT NO | Bitcoin Up or Down - April 6, 1:50PM-1:55PM ET
Binance mid: 69589.82 | strike: n/a
Time left: 107s | spread: 0.0100
YES bid/ask: 0.5000/0.5100 | NO bid/ask: 0.4900/0.5000
Fair YES: 0.0000 | net edge: 0.4750 | confidence: high
[2026-04-06T17:53:18.753516+00:00] market=btc-updown-5m-1775497800 mid=69579.48 open=69597.975 fair_yes=8.248834948432204e-11 best_side=no net_edge=0.47499999991751163 alert=True
ALERT NO | Bitcoin Up or Down - April 6, 1:50PM-1:55PM ET
Binance mid: 69579.48 | strike: n/a
Time left: 101s | spread: 0.0100
YES bid/ask: 0.5000/0.5100 | NO bid/ask: 0.4900/0.5000
Fair YES: 0.0000 | net edge: 0.4750 | confidence: high
[2026-04-06T17:53:24.069034+00:00] market=btc-updown-5m-1775497800 mid=69584.36 open=69597.975 fair_yes=4.505583085179232e-06 best_side=no net_edge=0.4749954944169148 alert=True
ALERT NO | Bitcoin Up or Down - April 6, 1:50PM-1:55PM ET
Binance mid: 69584.36 | strike: n/a
Time left: 96s | spread: 0.0100
YES bid/ask: 0.5000/0.5100 | NO bid/ask: 0.4900/0.5000
Fair YES: 0.0000 | net edge: 0.4750 | confidence: high
[2026-04-06T17:53:29.399852+00:00] market=btc-updown-5m-1775497800 mid=69576.76 open=69597.975 fair_yes=3.05095282371326e-09 best_side=no net_edge=0.47499999694904715 alert=True
ALERT NO | Bitcoin Up or Down - April 6, 1:50PM-1:55PM ET
Binance mid: 69576.76 | strike: n/a
Time left: 91s | spread: 0.0100
YES bid/ask: 0.5000/0.5100 | NO bid/ask: 0.4900/0.5000
Fair YES: 0.0000 | net edge: 0.4750 | confidence: high
[2026-04-06T17:53:34.716541+00:00] market=btc-updown-5m-1775497800 mid=69574.02 open=69597.975 fair_yes=3.749398236330137e-09 best_side=no net_edge=0.47499999625060174 alert=True
ALERT NO | Bitcoin Up or Down - April 6, 1:50PM-1:55PM ET
Binance mid: 69574.02 | strike: n/a
Time left: 85s | spread: 0.0100
YES bid/ask: 0.5000/0.5100 | NO bid/ask: 0.4900/0.5000
Fair YES: 0.0000 | net edge: 0.4750 | confidence: high
[2026-04-06T17:53:40.183588+00:00] market=btc-updown-5m-1775497800 mid=69574.02 open=69597.975 fair_yes=2.8404904428569466e-08 best_side=no net_edge=0.47499997159509555 alert=True
ALERT NO | Bitcoin Up or Down - April 6, 1:50PM-1:55PM ET
Binance mid: 69574.02 | strike: n/a
Time left: 80s | spread: 0.0100
YES bid/ask: 0.5000/0.5100 | NO bid/ask: 0.4900/0.5000
Fair YES: 0.0000 | net edge: 0.4750 | confidence: high
[2026-04-06T17:53:45.657549+00:00] market=btc-updown-5m-1775497800 mid=69566.61 open=69597.975 fair_yes=9.049316851417188e-11 best_side=no net_edge=0.4749999999095068 alert=True
ALERT NO | Bitcoin Up or Down - April 6, 1:50PM-1:55PM ET
Binance mid: 69566.61 | strike: n/a
Time left: 74s | spread: 0.0100
YES bid/ask: 0.5000/0.5100 | NO bid/ask: 0.4900/0.5000
Fair YES: 0.0000 | net edge: 0.4750 | confidence: high
[2026-04-06T17:53:50.968768+00:00] market=btc-updown-5m-1775497800 mid=69562.96 open=69597.975 fair_yes=3.647326884959057e-11 best_side=no net_edge=0.4749999999635267 alert=True
ALERT NO | Bitcoin Up or Down - April 6, 1:50PM-1:55PM ET
Binance mid: 69562.96 | strike: n/a
Time left: 69s | spread: 0.0100
YES bid/ask: 0.5000/0.5100 | NO bid/ask: 0.4900/0.5000
Fair YES: 0.0000 | net edge: 0.4750 | confidence: high
